<?xml version="1.0" encoding="UTF-8"?>
<testsuite xmlns:xsi="http://www.w3.org/2001/XMLSchema-instance" xsi:noNamespaceSchemaLocation="https://maven.apache.org/surefire/maven-surefire-plugin/xsd/surefire-test-report-3.0.xsd" version="3.0" name="com.travelplanner.structures.TourLinkedListTest" time="0.117" tests="4" errors="0" skipped="0" failures="0">
  <properties>
[...]
</properties>
  <testcase name="testAddLast" classname="com.travelplanner.structures.TourLinkedListTest" time="0.065"/>
  <testcase name="testInsertAfter" classname="com.travelplanner.structures.TourLinkedListTest" time="0.003"/>
  <testcase name="testAddFirst" classname="com.travelplanner.structures.TourLinkedListTest" time="0.002"/>
  <testcase name="testRemoveById" classname="com.travelplanner.structures.TourLinkedListTest" time="0.002"/>
</testsuite>