<?xml version="1.0" encoding="UTF-8"?>
<testsuite xmlns:xsi="http://www.w3.org/2001/XMLSchema-instance" xsi:noNamespaceSchemaLocation="https://maven.apache.org/surefire/maven-surefire-plugin/xsd/surefire-test-report-3.0.xsd" version="3.0" name="com.travelplanner.structures.TourLinkedListTest" time="0.086" tests="4" errors="0" skipped="0" failures="1">
  <properties>
[...]
</properties>
  <testcase name="testAddLast" classname="com.travelplanner.structures.TourLinkedListTest" time="0.033"/>
  <testcase name="testInsertAfter" classname="com.travelplanner.structures.TourLinkedListTest" time="0.003"/>
  <testcase name="testAddFirst" classname="com.travelplanner.structures.TourLinkedListTest" time="0.009">
    <failure message="expected: &lt;B -&gt; A -&gt; C -&gt;END&gt; but was: &lt;B -&gt; A -&gt; END&gt;" type="org.opentest4j.AssertionFailedError"><![CDATA[org.opentest4j.AssertionFailedError: expected: <B -> A -> C ->END> but was: <B -> A -> END>
	at org.junit.jupiter.api.AssertionFailureBuilder.build(AssertionFailureBuilder.java:151)
	at org.junit.jupiter.api.AssertionFailureBuilder.buildAndThrow(AssertionFailureBuilder.java:132)
	at org.junit.jupiter.api.AssertEquals.failNotEqual(AssertEquals.java:197)
	at org.junit.jupiter.api.AssertEquals.assertEquals(AssertEquals.java:182)
	at org.junit.jupiter.api.AssertEquals.assertEquals(AssertEquals.java:177)
	at org.junit.jupiter.api.Assertions.assertEquals(Assertions.java:1141)
	at com.travelplanner.structures.TourLinkedListTest.testAddFirst(TourLinkedListTest.java:27)
	at java.base/java.lang.reflect.Method.invoke(Method.java:580)
	at java.base/java.util.ArrayList.forEach(ArrayList.java:1596)
	at java.base/java.util.ArrayList.forEach(ArrayList.java:1596)
]]></failure>
  </testcase>
  <testcase name="testRemoveById" classname="com.travelplanner.structures.TourLinkedListTest" time="0.001"/>
</testsuite>